{
  "RSpec": {
    "coverage": {
      "/home/karel/Documentos/rps-challenge/spec/computer_spec.rb": [
        1,
        null,
        1,
        null,
        2,
        null,
        1,
        1,
        1,
        null,
        null,
        null
      ],
      "/home/karel/Documentos/rps-challenge/spec/features/game_spec.rb": [

      ],
      "/home/karel/Documentos/rps-challenge/spec/features/palyer_name_spec.rb": [
        null,
        1,
        null,
        1,
        1,
        1,
        1,
        null,
        null
      ],
      "/home/karel/Documentos/rps-challenge/spec/features/playing_rps_spec.rb": [
        null,
        null,
        1,
        null,
        1,
        2,
        null,
        null,
        1,
        1,
        1,
        1,
        null,
        null,
        1,
        1,
        0,
        null,
        null,
        null,
        1,
        null,
        null
      ],
      "/home/karel/Documentos/rps-challenge/spec/game_spec.rb": [
        1,
        null,
        1,
        null,
        3,
        3,
        1,
        1,
        1,
        null,
        null,
        null,
        1,
        1,
        1,
        null,
        null,
        null,
        1,
        1,
        2,
        2,
        2,
        2,
        2,
        null,
        1,
        1,
        1,
        null,
        null,
        null,
        1,
        1,
        1,
        null,
        null,
        null,
        1,
        1,
        1,
        null,
        null,
        null,
        null,
        null,
        null
      ],
      "/home/karel/Documentos/rps-challenge/spec/player_spec.rb": [
        1,
        null,
        1,
        null,
        2,
        2,
        null,
        1,
        1,
        1,
        null,
        null,
        null,
        null
      ]
    },
    "timestamp": 1549262885
  }
}
